数据读取完毕，共保存了1000条数据。
开始读取城市：上海，关键字：python的数据
数据读取完毕，共保存了1000条数据。
开始读取城市：上海，关键字：c++的数据
数据读取完毕，共保存了1000条数据。
数据读取完毕，共保存了0条数据。
本次没有进行数据爬虫读取。
本次没有进行数据爬虫读取。
开始读取城市：上海，关键字：测试的数据
数据读取完毕，共保存了1000条数据。
本次没有进行数据爬虫读取。
本次没有进行数据爬虫读取。
本次没有进行数据爬虫读取。
本次没有进行数据爬虫读取。
本次没有进行数据爬虫读取。
本次没有进行数据爬虫读取。
本次没有进行数据爬虫读取。
本次没有进行数据爬虫读取。
本次没有进行数据爬虫读取。
本次没有进行数据爬虫读取。
本次没有进行数据爬虫读取。
本次没有进行数据爬虫读取。
本次没有进行数据爬虫读取。
本次没有进行数据爬虫读取。
本次没有进行数据爬虫读取。
本次没有进行数据爬虫读取。
本次没有进行数据爬虫读取。
本次没有进行数据爬虫读取。
本次没有进行数据爬虫读取。
本次没有进行数据爬虫读取。
本次没有进行数据爬虫读取。
本次没有进行数据爬虫读取。
本次没有进行数据爬虫读取。
本次没有进行数据爬虫读取。
本次没有进行数据爬虫读取。
本次没有进行数据爬虫读取。
本次没有进行数据爬虫读取。
本次没有进行数据爬虫读取。
本次没有进行数据爬虫读取。
本次没有进行数据爬虫读取。
开始读取城市：上海，关键字：大数据的数据
数据读取完毕，共保存了735条数据。
